nohup: ignoring input
epoch: 0
sparse:
[tensor(0.9982), tensor(0.4520), tensor(0.9642), tensor(0.2187), tensor(0.0126), tensor(0.4426)]
sparse:
[tensor(0.9989), tensor(0.4596), tensor(0.9419), tensor(0.1644), tensor(0.0529), tensor(0.3400)]
[0, 4, 367260.1875, 487.8761901855469, 3262.1708984375, 246.01962280273438, 461.3913879394531, 138.27420043945312]
sparse:
[tensor(1.), tensor(0.4002), tensor(0.8499), tensor(0.0951), tensor(0.0892), tensor(0.1986)]
sparse:
[tensor(1.), tensor(0.4056), tensor(0.8103), tensor(0.0675), tensor(0.0920), tensor(0.1425)]
[0, 4, 720139.75, 397.95294189453125, 118.38374328613281, 204.02432250976562, 406.5334777832031, 145.69451904296875]
sparse:
[tensor(1.), tensor(0.5124), tensor(0.6417), tensor(0.2393), tensor(0.0385), tensor(0.0831)]
sparse:
[tensor(1.), tensor(0.3449), tensor(0.5552), tensor(0.0721), tensor(0.0327), tensor(0.1073)]
[0, 4, 639274.25, 488.31268310546875, 105.09198760986328, 181.94627380371094, 520.4783935546875, 134.64068603515625]
sparse:
[tensor(1.), tensor(0.5403), tensor(0.5309), tensor(0.1110), tensor(0.0136), tensor(0.0638)]
sparse:
[tensor(1.), tensor(0.5059), tensor(0.4593), tensor(0.0765), tensor(0.0103), tensor(0.0616)]
[0, 4, 2687684.0, 533.8233642578125, 52.10206604003906, 178.18157958984375, 319.6727294921875, 78.62727355957031]
sparse:
[tensor(1.), tensor(0.6005), tensor(0.4350), tensor(0.1171), tensor(0.0067), tensor(0.0336)]
sparse:
[tensor(1.0000), tensor(0.2969), tensor(0.3711), tensor(0.0660), tensor(0.0049), tensor(0.0359)]
[0, 4, 954715.875, 451.8924255371094, 59.523616790771484, 167.99095153808594, 361.67510986328125, 49.45957946777344]
sparse:
[tensor(0.9998), tensor(0.5560), tensor(0.4529), tensor(0.1356), tensor(0.0054), tensor(0.0488)]
sparse:
[tensor(0.9999), tensor(0.4724), tensor(0.3793), tensor(0.0740), tensor(0.0034), tensor(0.0158)]
[0, 4, 2016594.5, 480.7795104980469, 59.77180862426758, 177.9976348876953, 205.76773071289062, 58.90628433227539]
sparse:
[tensor(1.), tensor(0.4335), tensor(0.3720), tensor(0.1379), tensor(0.0028), tensor(0.0345)]
sparse:
[tensor(1.), tensor(0.4157), tensor(0.3225), tensor(0.0788), tensor(0.0025), tensor(0.0133)]
[0, 4, 3176791.5, 469.3602600097656, 52.462242126464844, 166.15460205078125, 150.1356964111328, 42.9416389465332]
sparse:
[tensor(1.), tensor(0.4232), tensor(0.3974), tensor(0.1822), tensor(0.0036), tensor(0.0409)]
sparse:
[tensor(1.), tensor(0.2471), tensor(0.3247), tensor(0.0720), tensor(0.0023), tensor(0.0128)]
[0, 4, 996434.125, 414.6402282714844, 71.25860595703125, 168.8032989501953, 134.67466735839844, 41.31827163696289]
sparse:
[tensor(1.), tensor(0.4883), tensor(0.3844), tensor(0.1424), tensor(0.0022), tensor(0.0427)]
sparse:
[tensor(1.), tensor(0.2898), tensor(0.3206), tensor(0.0713), tensor(0.0022), tensor(0.0134)]
[0, 4, 1544396.625, 436.8690490722656, 81.52616882324219, 171.14004516601562, 119.16114807128906, 42.948760986328125]
sparse:
[tensor(1.), tensor(0.5419), tensor(0.3946), tensor(0.1856), tensor(0.0021), tensor(0.0372)]
sparse:
[tensor(1.), tensor(0.3729), tensor(0.3257), tensor(0.0749), tensor(0.0021), tensor(0.0108)]
[0, 4, 1789130.25, 508.49639892578125, 54.978302001953125, 169.9717254638672, 84.56312561035156, 39.1672248840332]
sparse:
[tensor(1.), tensor(0.5585), tensor(0.4210), tensor(0.1685), tensor(0.0020), tensor(0.0380)]
sparse:
[tensor(1.), tensor(0.3484), tensor(0.3460), tensor(0.0763), tensor(0.0020), tensor(0.0103)]
[0, 4, 1590119.25, 554.24462890625, 70.5541763305664, 175.86209106445312, 82.56959533691406, 40.80323028564453]
sparse:
[tensor(1.), tensor(0.3777), tensor(0.3874), tensor(0.0931), tensor(0.0020), tensor(0.0259)]
sparse:
[tensor(1.), tensor(0.3552), tensor(0.3246), tensor(0.0769), tensor(0.0021), tensor(0.0096)]
[0, 4, 5334450.0, 462.14593505859375, 61.876800537109375, 168.19491577148438, 69.01835632324219, 35.92146301269531]
sparse:
[tensor(1.), tensor(0.4276), tensor(0.3813), tensor(0.1145), tensor(0.0020), tensor(0.0214)]
sparse:
[tensor(1.), tensor(0.3347), tensor(0.3208), tensor(0.0761), tensor(0.0020), tensor(0.0106)]
[0, 4, 1638212.125, 509.6065979003906, 64.91478729248047, 170.2541046142578, 75.36683654785156, 37.11864471435547]
sparse:
[tensor(1.), tensor(0.5104), tensor(0.3753), tensor(0.1325), tensor(0.0019), tensor(0.0185)]
sparse:
[tensor(1.), tensor(0.3115), tensor(0.3143), tensor(0.0748), tensor(0.0020), tensor(0.0095)]
[0, 4, 1309242.75, 538.2464599609375, 68.15766906738281, 170.0101318359375, 73.37435150146484, 35.41728591918945]
sparse:
[tensor(1.), tensor(0.4475), tensor(0.3607), tensor(0.1257), tensor(0.0018), tensor(0.0165)]
sparse:
[tensor(1.), tensor(0.3575), tensor(0.3044), tensor(0.0739), tensor(0.0019), tensor(0.0092)]
[0, 4, 2290364.0, 450.4756774902344, 64.68014526367188, 166.66552734375, 63.24656677246094, 33.673789978027344]
sparse:
[tensor(1.), tensor(0.4655), tensor(0.3807), tensor(0.1559), tensor(0.0048), tensor(0.0236)]
sparse:
[tensor(1.), tensor(0.4172), tensor(0.3181), tensor(0.0749), tensor(0.0019), tensor(0.0101)]
[0, 4, 1303953.25, 520.4241943359375, 69.98332214355469, 171.90625, 78.1697006225586, 40.50138854980469]
sparse:
[tensor(1.), tensor(0.4787), tensor(0.3876), tensor(0.1695), tensor(0.0037), tensor(0.0188)]
sparse:
[tensor(1.), tensor(0.4707), tensor(0.3199), tensor(0.0753), tensor(0.0019), tensor(0.0088)]
[0, 4, 1657470.125, 504.6839599609375, 73.32577514648438, 172.4248046875, 68.27482604980469, 39.03538513183594]
sparse:
[tensor(1.), tensor(0.5252), tensor(0.3755), tensor(0.1416), tensor(0.0017), tensor(0.0190)]
sparse:
[tensor(1.), tensor(0.4256), tensor(0.3135), tensor(0.0748), tensor(0.0018), tensor(0.0097)]
[0, 4, 4509488.0, 458.78961181640625, 67.74769592285156, 169.31622314453125, 74.25487518310547, 35.921226501464844]
sparse:
[tensor(0.9999), tensor(0.4280), tensor(0.3469), tensor(0.1057), tensor(0.0017), tensor(0.0162)]
sparse:
[tensor(0.9999), tensor(0.4163), tensor(0.2948), tensor(0.0768), tensor(0.0018), tensor(0.0084)]
[0, 4, 2503357.0, 493.69952392578125, 57.20289611816406, 165.86911010742188, 65.4518051147461, 34.06574249267578]
sparse:
[tensor(1.), tensor(0.5045), tensor(0.3649), tensor(0.1472), tensor(0.0065), tensor(0.0186)]
sparse:
[tensor(1.), tensor(0.3794), tensor(0.3066), tensor(0.0825), tensor(0.0039), tensor(0.0088)]
[0, 4, 1853385.0, 477.74407958984375, 241.74468994140625, 173.06747436523438, 77.77456665039062, 41.584228515625]
sparse:
[tensor(1.), tensor(0.4573), tensor(0.3780), tensor(0.1513), tensor(0.0017), tensor(0.0204)]
sparse:
[tensor(1.), tensor(0.4393), tensor(0.3138), tensor(0.0860), tensor(0.0017), tensor(0.0081)]
[0, 4, 4369335.5, 432.9892883300781, 98.61476135253906, 170.92446899414062, 74.53922271728516, 38.015419006347656]
sparse:
[tensor(1.), tensor(0.5111), tensor(0.3611), tensor(0.1574), tensor(0.0017), tensor(0.0151)]
sparse:
[tensor(1.), tensor(0.3372), tensor(0.3012), tensor(0.0747), tensor(0.0017), tensor(0.0074)]
[0, 4, 3032102.5, 472.0495910644531, 63.47534942626953, 167.7523956298828, 55.9127311706543, 32.53362274169922]
sparse:
[tensor(1.), tensor(0.5680), tensor(0.3547), tensor(0.1266), tensor(0.0043), tensor(0.0167)]
sparse:
[tensor(1.), tensor(0.4225), tensor(0.2995), tensor(0.0859), tensor(0.0032), tensor(0.0073)]
[0, 4, 1827172.875, 458.6782531738281, 162.80177307128906, 171.00198364257812, 65.28857421875, 38.67616653442383]
sparse:
[tensor(1.), tensor(0.5671), tensor(0.3655), tensor(0.1271), tensor(0.0017), tensor(0.0153)]
sparse:
[tensor(1.), tensor(0.4045), tensor(0.3039), tensor(0.0777), tensor(0.0017), tensor(0.0067)]
[0, 4, 3143589.5, 477.43212890625, 114.11225891113281, 169.8538360595703, 57.7331657409668, 32.599220275878906]
sparse:
[tensor(1.), tensor(0.5872), tensor(0.3641), tensor(0.1592), tensor(0.0019), tensor(0.0157)]
sparse:
[tensor(1.), tensor(0.3344), tensor(0.3029), tensor(0.0837), tensor(0.0017), tensor(0.0065)]
[0, 4, 2024866.5, 505.296142578125, 75.91206359863281, 171.31884765625, 59.47445297241211, 33.48997116088867]
sparse:
[tensor(1.), tensor(0.3113), tensor(0.3526), tensor(0.1186), tensor(0.0017), tensor(0.0169)]
sparse:
[tensor(1.), tensor(0.2968), tensor(0.2965), tensor(0.0882), tensor(0.0017), tensor(0.0066)]
[0, 4, 3718119.75, 419.8170471191406, 97.11546325683594, 166.774658203125, 66.51670837402344, 36.292205810546875]
sparse:
[tensor(1.), tensor(0.4632), tensor(0.3602), tensor(0.1413), tensor(0.0017), tensor(0.0138)]
sparse:
[tensor(1.), tensor(0.4244), tensor(0.2991), tensor(0.0761), tensor(0.0017), tensor(0.0061)]
[0, 4, 3700913.5, 547.4149780273438, 57.338592529296875, 169.0382843017578, 55.13675308227539, 31.394065856933594]
sparse:
[tensor(1.), tensor(0.4130), tensor(0.3443), tensor(0.1842), tensor(0.0017), tensor(0.0164)]
sparse:
[tensor(1.), tensor(0.3462), tensor(0.2876), tensor(0.0733), tensor(0.0017), tensor(0.0064)]
[0, 4, 2051104.625, 483.34075927734375, 75.55493927001953, 168.42739868164062, 65.92703247070312, 33.10078430175781]
sparse:
[tensor(1.), tensor(0.4723), tensor(0.3607), tensor(0.1359), tensor(0.0017), tensor(0.0180)]
sparse:
[tensor(1.), tensor(0.3949), tensor(0.3004), tensor(0.0742), tensor(0.0017), tensor(0.0065)]
[0, 4, 2529361.5, 519.0521240234375, 72.81607055664062, 171.85763549804688, 69.25506591796875, 34.456443786621094]
sparse:
[tensor(1.), tensor(0.4871), tensor(0.3351), tensor(0.1074), tensor(0.0017), tensor(0.0154)]
sparse:
[tensor(1.), tensor(0.3659), tensor(0.2824), tensor(0.0748), tensor(0.0017), tensor(0.0058)]
[0, 4, 3505595.0, 473.9676208496094, 62.95109558105469, 164.95852661132812, 56.3510856628418, 32.49455261230469]
sparse:
[tensor(1.), tensor(0.6729), tensor(0.3351), tensor(0.1667), tensor(0.0017), tensor(0.0150)]
sparse:
[tensor(1.), tensor(0.3988), tensor(0.2783), tensor(0.0690), tensor(0.0017), tensor(0.0057)]
[0, 4, 1447526.375, 442.7279052734375, 82.77359008789062, 168.44500732421875, 58.51364517211914, 32.39786148071289]
sparse:
[tensor(1.), tensor(0.5584), tensor(0.3522), tensor(0.0837), tensor(0.0017), tensor(0.0161)]
sparse:
[tensor(1.), tensor(0.4813), tensor(0.2929), tensor(0.0742), tensor(0.0017), tensor(0.0057)]
[0, 4, 3774697.5, 476.7059326171875, 60.01092529296875, 170.18258666992188, 62.56884765625, 31.879566192626953]
sparse:
[tensor(1.), tensor(0.6822), tensor(0.3048), tensor(0.0853), tensor(0.0017), tensor(0.0131)]
sparse:
[tensor(1.), tensor(0.4302), tensor(0.2611), tensor(0.0746), tensor(0.0017), tensor(0.0054)]
[0, 4, 5553086.0, 456.88909912109375, 56.23311996459961, 161.92984008789062, 54.91978454589844, 29.12232208251953]
sparse:
[tensor(1.), tensor(0.6916), tensor(0.3522), tensor(0.2604), tensor(0.0150), tensor(0.0203)]
sparse:
[tensor(1.), tensor(0.4669), tensor(0.2925), tensor(0.0936), tensor(0.0205), tensor(0.0068)]
[0, 4, 1046078.25, 439.3956604003906, 163.40573120117188, 176.33226013183594, 81.38238525390625, 46.93025588989258]
sparse:
[tensor(1.), tensor(0.4046), tensor(0.3236), tensor(0.1191), tensor(0.0017), tensor(0.0142)]
sparse:
[tensor(1.), tensor(0.3246), tensor(0.2691), tensor(0.0708), tensor(0.0017), tensor(0.0050)]
[0, 4, 1978359.5, 517.7860107421875, 66.85447692871094, 163.3955841064453, 54.41465377807617, 30.543621063232422]
sparse:
[tensor(1.), tensor(0.7251), tensor(0.3496), tensor(0.1196), tensor(0.0017), tensor(0.0154)]
sparse:
[tensor(1.), tensor(0.5006), tensor(0.2892), tensor(0.0745), tensor(0.0017), tensor(0.0056)]
[0, 4, 1075795.0, 546.8468017578125, 59.43644714355469, 171.82228088378906, 61.267616271972656, 32.488525390625]
sparse:
[tensor(1.), tensor(0.5137), tensor(0.3312), tensor(0.1567), tensor(0.0030), tensor(0.0161)]
sparse:
[tensor(1.), tensor(0.4541), tensor(0.2750), tensor(0.0712), tensor(0.0017), tensor(0.0051)]
[0, 4, 2114094.25, 458.0057373046875, 82.00279235839844, 166.67271423339844, 60.785675048828125, 33.20807647705078]
sparse:
[tensor(1.), tensor(0.4388), tensor(0.3250), tensor(0.1153), tensor(0.0017), tensor(0.0145)]
sparse:
[tensor(1.), tensor(0.4047), tensor(0.2714), tensor(0.0719), tensor(0.0017), tensor(0.0052)]
[0, 4, 1514900.75, 494.6024475097656, 61.605201721191406, 165.8935546875, 49.63565444946289, 30.240543365478516]
sparse:
[tensor(1.), tensor(0.5209), tensor(0.3389), tensor(0.1571), tensor(0.0017), tensor(0.0153)]
sparse:
[tensor(1.), tensor(0.3452), tensor(0.2801), tensor(0.0712), tensor(0.0017), tensor(0.0052)]
[0, 4, 1249917.5, 495.8565673828125, 70.8948745727539, 171.54148864746094, 54.32624816894531, 32.379180908203125]
sparse:
[tensor(1.), tensor(0.4195), tensor(0.3311), tensor(0.1379), tensor(0.0050), tensor(0.0170)]
sparse:
[tensor(1.), tensor(0.2564), tensor(0.2769), tensor(0.0816), tensor(0.0074), tensor(0.0054)]
[0, 4, 2067380.0, 493.15667724609375, 88.80149841308594, 167.70277404785156, 60.72578048706055, 37.102081298828125]
sparse:
[tensor(0.9997), tensor(0.4317), tensor(0.3433), tensor(0.1577), tensor(0.0044), tensor(0.0168)]
sparse:
[tensor(0.9998), tensor(0.3602), tensor(0.2829), tensor(0.0882), tensor(0.0023), tensor(0.0056)]
[0, 4, 769936.0625, 474.99951171875, 124.84381103515625, 169.772216796875, 61.61787033081055, 35.999977111816406]
sparse:
[tensor(1.), tensor(0.4522), tensor(0.3332), tensor(0.1582), tensor(0.0050), tensor(0.0168)]
sparse:
[tensor(0.9999), tensor(0.2606), tensor(0.2750), tensor(0.0711), tensor(0.0017), tensor(0.0053)]
[0, 4, 2752977.0, 415.6956787109375, 201.16043090820312, 165.22064208984375, 65.96015167236328, 35.401512145996094]
sparse:
[tensor(1.), tensor(0.4703), tensor(0.3563), tensor(0.1779), tensor(0.0018), tensor(0.0165)]
sparse:
[tensor(1.), tensor(0.3791), tensor(0.2897), tensor(0.0686), tensor(0.0017), tensor(0.0051)]
[0, 4, 967713.9375, 473.16021728515625, 113.36453247070312, 170.79779052734375, 58.47003936767578, 34.20771789550781]
sparse:
[tensor(1.), tensor(0.4122), tensor(0.3288), tensor(0.1247), tensor(0.0017), tensor(0.0161)]
sparse:
[tensor(1.), tensor(0.3308), tensor(0.2752), tensor(0.0730), tensor(0.0017), tensor(0.0056)]
[0, 4, 4113760.5, 476.7208251953125, 75.27916717529297, 164.89404296875, 62.813514709472656, 31.576717376708984]
sparse:
[tensor(1.), tensor(0.5474), tensor(0.3401), tensor(0.2421), tensor(0.0017), tensor(0.0144)]
sparse:
[tensor(1.), tensor(0.4634), tensor(0.2804), tensor(0.0717), tensor(0.0017), tensor(0.0049)]
[0, 4, 1449680.25, 488.26983642578125, 68.21927642822266, 170.23342895507812, 50.75927734375, 31.947349548339844]
sparse:
[tensor(1.), tensor(0.4965), tensor(0.3237), tensor(0.1317), tensor(0.0017), tensor(0.0134)]
sparse:
[tensor(1.), tensor(0.2994), tensor(0.2697), tensor(0.0689), tensor(0.0017), tensor(0.0050)]
[0, 4, 2419915.75, 445.4262390136719, 75.57976531982422, 165.35513305664062, 54.34564971923828, 29.830589294433594]
sparse:
[tensor(1.), tensor(0.6430), tensor(0.3542), tensor(0.1837), tensor(0.0017), tensor(0.0159)]
sparse:
[tensor(1.), tensor(0.3881), tensor(0.2910), tensor(0.0759), tensor(0.0017), tensor(0.0051)]
[0, 4, 4136043.5, 564.621826171875, 62.4577522277832, 173.23959350585938, 56.31449890136719, 30.444137573242188]
sparse:
[tensor(1.), tensor(0.3565), tensor(0.3148), tensor(0.1150), tensor(0.0017), tensor(0.0140)]
sparse:
[tensor(1.), tensor(0.3384), tensor(0.2641), tensor(0.0694), tensor(0.0017), tensor(0.0051)]
[0, 4, 1338680.5, 460.1584167480469, 69.147216796875, 164.49803161621094, 57.93100357055664, 30.016298294067383]
sparse:
[tensor(1.), tensor(0.5214), tensor(0.3401), tensor(0.1174), tensor(0.0017), tensor(0.0188)]
sparse:
[tensor(1.), tensor(0.4093), tensor(0.2833), tensor(0.0732), tensor(0.0017), tensor(0.0060)]
[0, 4, 2378417.0, 488.5315856933594, 80.09001159667969, 172.66778564453125, 70.702392578125, 33.26422882080078]
sparse:
[tensor(1.), tensor(0.6081), tensor(0.3295), tensor(0.1521), tensor(0.0025), tensor(0.0181)]
sparse:
[tensor(1.), tensor(0.3205), tensor(0.2725), tensor(0.0688), tensor(0.0017), tensor(0.0048)]
[0, 4, 2266333.5, 431.54058837890625, 73.3312759399414, 165.99276733398438, 68.61843872070312, 34.925636291503906]
sparse:
[tensor(1.), tensor(0.4158), tensor(0.3236), tensor(0.1321), tensor(0.0017), tensor(0.0139)]
sparse:
[tensor(1.), tensor(0.3709), tensor(0.2688), tensor(0.0686), tensor(0.0017), tensor(0.0051)]
[0, 4, 863611.875, 462.6885070800781, 88.5525894165039, 167.29522705078125, 56.47394561767578, 30.628087997436523]
sparse:
[tensor(1.), tensor(0.5630), tensor(0.3644), tensor(0.1813), tensor(0.0044), tensor(0.0222)]
sparse:
[tensor(1.), tensor(0.4308), tensor(0.2988), tensor(0.0747), tensor(0.0027), tensor(0.0060)]
[0, 4, 2279828.5, 501.53094482421875, 73.86239624023438, 175.1968994140625, 76.9471206665039, 39.259971618652344]
sparse:
[tensor(1.), tensor(0.4959), tensor(0.3195), tensor(0.0995), tensor(0.0017), tensor(0.0148)]
sparse:
[tensor(1.), tensor(0.3560), tensor(0.2698), tensor(0.0740), tensor(0.0017), tensor(0.0052)]
[0, 4, 3607106.75, 478.4670104980469, 60.552913665771484, 164.76564025878906, 59.22853469848633, 29.800037384033203]
sparse:
[tensor(1.), tensor(0.4551), tensor(0.3082), tensor(0.1329), tensor(0.0017), tensor(0.0124)]
sparse:
[tensor(1.), tensor(0.3204), tensor(0.2600), tensor(0.0705), tensor(0.0017), tensor(0.0047)]
[0, 4, 2228514.5, 472.76190185546875, 67.24745178222656, 164.59600830078125, 51.43721008300781, 28.00042152404785]
sparse:
[tensor(0.9997), tensor(0.4577), tensor(0.3393), tensor(0.1595), tensor(0.0017), tensor(0.0178)]
sparse:
[tensor(0.9998), tensor(0.4785), tensor(0.2813), tensor(0.0739), tensor(0.0017), tensor(0.0054)]
[0, 4, 3776258.0, 515.689453125, 73.30287170410156, 171.01600646972656, 66.82490539550781, 33.53184509277344]
sparse:
[tensor(1.), tensor(0.4461), tensor(0.3085), tensor(0.1134), tensor(0.0017), tensor(0.0136)]
sparse:
[tensor(1.), tensor(0.3652), tensor(0.2597), tensor(0.0700), tensor(0.0017), tensor(0.0045)]
[0, 4, 1636698.625, 544.8680419921875, 67.2099609375, 161.392333984375, 54.6246223449707, 28.96238899230957]
sparse:
[tensor(1.), tensor(0.3583), tensor(0.3117), tensor(0.1645), tensor(0.0017), tensor(0.0127)]
sparse:
[tensor(1.), tensor(0.3559), tensor(0.2609), tensor(0.0691), tensor(0.0017), tensor(0.0046)]
[0, 4, 1174891.75, 461.67431640625, 68.60078430175781, 167.31365966796875, 48.602272033691406, 29.06218719482422]
sparse:
[tensor(1.), tensor(0.5372), tensor(0.3292), tensor(0.0953), tensor(0.0017), tensor(0.0148)]
sparse:
[tensor(1.), tensor(0.4286), tensor(0.2733), tensor(0.0714), tensor(0.0017), tensor(0.0048)]
[0, 4, 1459239.0, 480.4739685058594, 70.59634399414062, 169.3286895751953, 55.0700569152832, 29.821758270263672]
sparse:
[tensor(1.), tensor(0.5578), tensor(0.3420), tensor(0.1494), tensor(0.0050), tensor(0.0193)]
sparse:
[tensor(1.), tensor(0.3628), tensor(0.2831), tensor(0.0845), tensor(0.0046), tensor(0.0057)]
[0, 4, 2394565.0, 498.00750732421875, 122.26290130615234, 172.41354370117188, 74.94458770751953, 37.637718200683594]
sparse:
[tensor(1.), tensor(0.6150), tensor(0.3264), tensor(0.1504), tensor(0.0017), tensor(0.0147)]
sparse:
[tensor(1.), tensor(0.4964), tensor(0.2732), tensor(0.0724), tensor(0.0017), tensor(0.0050)]
[0, 4, 2910401.25, 468.3168640136719, 63.54057693481445, 168.8710479736328, 55.870601654052734, 31.467805862426758]
sparse:
[tensor(1.), tensor(0.4200), tensor(0.3081), tensor(0.1487), tensor(0.0017), tensor(0.0135)]
sparse:
[tensor(1.), tensor(0.3657), tensor(0.2602), tensor(0.0723), tensor(0.0017), tensor(0.0043)]
[0, 4, 2390145.5, 436.9896240234375, 67.11012268066406, 163.60488891601562, 52.50968933105469, 28.455982208251953]
sparse:
[tensor(1.), tensor(0.5644), tensor(0.3284), tensor(0.1867), tensor(0.0023), tensor(0.0161)]
sparse:
[tensor(1.), tensor(0.4139), tensor(0.2708), tensor(0.0690), tensor(0.0017), tensor(0.0051)]
[0, 4, 1149427.25, 458.33465576171875, 84.3096694946289, 170.87930297851562, 63.68254470825195, 32.89231872558594]
sparse:
[tensor(1.), tensor(0.4361), tensor(0.3436), tensor(0.1859), tensor(0.0050), tensor(0.0182)]
sparse:
[tensor(1.), tensor(0.4395), tensor(0.2846), tensor(0.0987), tensor(0.0027), tensor(0.0053)]
[0, 4, 5732478.0, 425.42486572265625, 80.899658203125, 170.90382385253906, 74.7329330444336, 37.61071014404297]
sparse:
[tensor(1.), tensor(0.5327), tensor(0.3379), tensor(0.1282), tensor(0.0017), tensor(0.0152)]
sparse:
[tensor(1.), tensor(0.4460), tensor(0.2806), tensor(0.0768), tensor(0.0017), tensor(0.0045)]
[0, 4, 1182577.125, 655.906982421875, 64.85308837890625, 170.2561798095703, 53.364784240722656, 29.080982208251953]
sparse:
[tensor(0.9999), tensor(0.5675), tensor(0.3294), tensor(0.1435), tensor(0.0018), tensor(0.0137)]
sparse:
[tensor(1.0000), tensor(0.4881), tensor(0.2756), tensor(0.0734), tensor(0.0017), tensor(0.0047)]
[0, 4, 6325999.0, 466.14288330078125, 72.81488037109375, 170.56634521484375, 57.36732482910156, 31.988178253173828]
sparse:
[tensor(1.), tensor(0.5338), tensor(0.2858), tensor(0.1487), tensor(0.0017), tensor(0.0118)]
sparse:
[tensor(1.), tensor(0.3391), tensor(0.2444), tensor(0.0713), tensor(0.0017), tensor(0.0039)]
[0, 4, 3433278.5, 442.6492919921875, 59.87953186035156, 156.99118041992188, 50.395660400390625, 26.544925689697266]
sparse:
[tensor(1.), tensor(0.3761), tensor(0.3032), tensor(0.1577), tensor(0.0020), tensor(0.0134)]
sparse:
[tensor(1.), tensor(0.2852), tensor(0.2520), tensor(0.0657), tensor(0.0017), tensor(0.0042)]
[0, 4, 628523.375, 447.1708679199219, 81.12257385253906, 165.15733337402344, 60.90394592285156, 31.693143844604492]
sparse:
[tensor(1.), tensor(0.5810), tensor(0.3146), tensor(0.1064), tensor(0.0017), tensor(0.0136)]
sparse:
[tensor(1.), tensor(0.3186), tensor(0.2601), tensor(0.0684), tensor(0.0017), tensor(0.0043)]
[0, 4, 794685.75, 508.13775634765625, 70.06074523925781, 167.39739990234375, 55.25300979614258, 30.184551239013672]
sparse:
[tensor(1.), tensor(0.5205), tensor(0.3093), tensor(0.1426), tensor(0.0017), tensor(0.0123)]
sparse:
[tensor(1.), tensor(0.4737), tensor(0.2596), tensor(0.0717), tensor(0.0017), tensor(0.0042)]
[0, 4, 2435121.0, 498.87969970703125, 61.92347717285156, 166.88644409179688, 43.433162689208984, 27.85297393798828]
sparse:
[tensor(1.), tensor(0.5952), tensor(0.3189), tensor(0.1590), tensor(0.0038), tensor(0.0168)]
sparse:
[tensor(1.), tensor(0.3481), tensor(0.2658), tensor(0.0910), tensor(0.0021), tensor(0.0049)]
[0, 4, 927965.125, 492.7063293457031, 84.96836853027344, 169.96530151367188, 59.87239074707031, 33.80436706542969]
sparse:
[tensor(1.), tensor(0.4085), tensor(0.3214), tensor(0.1190), tensor(0.0017), tensor(0.0159)]
sparse:
[tensor(1.), tensor(0.4552), tensor(0.2681), tensor(0.0748), tensor(0.0017), tensor(0.0046)]
[0, 4, 6683158.0, 450.322998046875, 66.29893493652344, 166.94773864746094, 55.40966033935547, 29.11682891845703]
sparse:
[tensor(1.), tensor(0.4824), tensor(0.2924), tensor(0.1088), tensor(0.0017), tensor(0.0114)]
sparse:
[tensor(1.), tensor(0.3337), tensor(0.2482), tensor(0.0722), tensor(0.0017), tensor(0.0040)]
[0, 4, 1825047.5, 505.8266296386719, 60.485069274902344, 161.84011840820312, 44.087032318115234, 27.086978912353516]
sparse:
[tensor(0.9999), tensor(0.4642), tensor(0.3045), tensor(0.1515), tensor(0.0017), tensor(0.0158)]
sparse:
[tensor(0.9999), tensor(0.3798), tensor(0.2550), tensor(0.0685), tensor(0.0017), tensor(0.0050)]
[0, 4, 1624972.75, 465.5293884277344, 85.16158294677734, 168.32485961914062, 63.8204460144043, 31.564430236816406]
sparse:
[tensor(0.9994), tensor(0.4244), tensor(0.3069), tensor(0.0969), tensor(0.0017), tensor(0.0147)]
sparse:
[tensor(0.9997), tensor(0.3740), tensor(0.2587), tensor(0.0732), tensor(0.0017), tensor(0.0049)]
[0, 4, 5634608.5, 464.61859130859375, 70.23832702636719, 165.77490234375, 59.961769104003906, 30.270034790039062]
sparse:
[tensor(1.), tensor(0.5866), tensor(0.3061), tensor(0.1409), tensor(0.0017), tensor(0.0137)]
sparse:
[tensor(1.), tensor(0.4001), tensor(0.2553), tensor(0.0693), tensor(0.0017), tensor(0.0047)]
[0, 4, 1064376.0, 509.2892150878906, 70.79606628417969, 167.07723999023438, 50.286766052246094, 28.820972442626953]
sparse:
[tensor(1.), tensor(0.4465), tensor(0.2970), tensor(0.0916), tensor(0.0017), tensor(0.0163)]
sparse:
[tensor(1.), tensor(0.3685), tensor(0.2513), tensor(0.0719), tensor(0.0017), tensor(0.0049)]
[0, 4, 6271599.5, 452.2640380859375, 66.78726196289062, 162.91680908203125, 63.70417404174805, 29.703819274902344]
sparse:
[tensor(0.9999), tensor(0.3456), tensor(0.3071), tensor(0.1293), tensor(0.0023), tensor(0.0159)]
sparse:
[tensor(0.9999), tensor(0.2759), tensor(0.2550), tensor(0.0681), tensor(0.0017), tensor(0.0045)]
[0, 4, 817210.6875, 512.621826171875, 86.87626647949219, 169.5288543701172, 65.87669372558594, 32.870811462402344]
sparse:
[tensor(1.), tensor(0.3961), tensor(0.3196), tensor(0.1293), tensor(0.0025), tensor(0.0158)]
sparse:
[tensor(1.), tensor(0.3164), tensor(0.2655), tensor(0.0834), tensor(0.0019), tensor(0.0047)]
[0, 4, 1858958.875, 510.7874450683594, 110.86505126953125, 169.3881072998047, 62.740901947021484, 33.05815505981445]
sparse:
[tensor(1.), tensor(0.5283), tensor(0.3121), tensor(0.1372), tensor(0.0017), tensor(0.0128)]
sparse:
[tensor(1.), tensor(0.2738), tensor(0.2588), tensor(0.0700), tensor(0.0017), tensor(0.0043)]
[0, 4, 765920.625, 518.36474609375, 68.98292541503906, 166.74607849121094, 48.5596923828125, 28.310121536254883]
sparse:
[tensor(1.), tensor(0.5415), tensor(0.3269), tensor(0.1010), tensor(0.0017), tensor(0.0151)]
sparse:
[tensor(1.), tensor(0.4587), tensor(0.2702), tensor(0.0723), tensor(0.0017), tensor(0.0046)]
[0, 4, 2886317.0, 464.7517395019531, 69.44010925292969, 170.22372436523438, 53.914268493652344, 30.009565353393555]
sparse:
[tensor(1.), tensor(0.5597), tensor(0.3184), tensor(0.1294), tensor(0.0017), tensor(0.0143)]
sparse:
[tensor(1.), tensor(0.4942), tensor(0.2651), tensor(0.0750), tensor(0.0017), tensor(0.0044)]
[0, 4, 1951743.0, 545.4307861328125, 60.92744827270508, 168.04049682617188, 47.49787902832031, 28.313270568847656]
sparse:
[tensor(1.), tensor(0.4513), tensor(0.3170), tensor(0.1430), tensor(0.0017), tensor(0.0132)]
sparse:
[tensor(1.), tensor(0.4178), tensor(0.2641), tensor(0.0720), tensor(0.0017), tensor(0.0046)]
[0, 4, 1964786.875, 502.2963562011719, 70.78713989257812, 169.45858764648438, 51.1966438293457, 29.60187530517578]
sparse:
[tensor(1.), tensor(0.4435), tensor(0.3100), tensor(0.1092), tensor(0.0018), tensor(0.0149)]
sparse:
[tensor(1.), tensor(0.4313), tensor(0.2601), tensor(0.0729), tensor(0.0017), tensor(0.0045)]
[0, 4, 5136167.0, 467.0775146484375, 65.08207702636719, 166.38644409179688, 54.41770553588867, 30.482166290283203]
sparse:
[tensor(1.), tensor(0.4131), tensor(0.3008), tensor(0.1142), tensor(0.0017), tensor(0.0154)]
sparse:
[tensor(1.), tensor(0.3229), tensor(0.2533), tensor(0.0727), tensor(0.0017), tensor(0.0045)]
[0, 4, 2303075.75, 485.91436767578125, 70.56097412109375, 165.66790771484375, 59.90524673461914, 29.930896759033203]
sparse:
[tensor(1.0000), tensor(0.4694), tensor(0.2975), tensor(0.2112), tensor(0.0032), tensor(0.0144)]
sparse:
[tensor(1.0000), tensor(0.3682), tensor(0.2480), tensor(0.0672), tensor(0.0018), tensor(0.0043)]
[0, 4, 856232.875, 494.5845947265625, 98.19873046875, 165.68743896484375, 58.16165542602539, 32.29529571533203]
sparse:
[tensor(1.), tensor(0.5487), tensor(0.3221), tensor(0.1574), tensor(0.0017), tensor(0.0144)]
sparse:
[tensor(1.), tensor(0.4702), tensor(0.2656), tensor(0.0723), tensor(0.0017), tensor(0.0044)]
[0, 4, 1705801.5, 490.27532958984375, 65.26758575439453, 168.81591796875, 56.643592834472656, 30.460193634033203]
sparse:
[tensor(1.), tensor(0.4891), tensor(0.2991), tensor(0.1125), tensor(0.0017), tensor(0.0118)]
sparse:
[tensor(1.), tensor(0.3376), tensor(0.2494), tensor(0.0701), tensor(0.0017), tensor(0.0038)]
[0, 4, 939863.875, 508.7542724609375, 70.0935287475586, 163.3169708251953, 44.21018981933594, 27.21428680419922]
sparse:
[tensor(0.9999), tensor(0.4550), tensor(0.3061), tensor(0.1536), tensor(0.0017), tensor(0.0127)]
sparse:
[tensor(1.0000), tensor(0.3731), tensor(0.2550), tensor(0.0708), tensor(0.0017), tensor(0.0043)]
[0, 4, 2030390.25, 476.08880615234375, 67.32087707519531, 166.16798400878906, 44.23356246948242, 28.42742156982422]
sparse:
[tensor(1.), tensor(0.5135), tensor(0.3300), tensor(0.1426), tensor(0.0171), tensor(0.0168)]
sparse:
[tensor(1.), tensor(0.3651), tensor(0.2722), tensor(0.0874), tensor(0.0049), tensor(0.0057)]
[0, 4, 1321858.875, 519.0904541015625, 178.9944305419922, 172.76614379882812, 66.42889404296875, 38.382789611816406]
sparse:
[tensor(1.), tensor(0.5605), tensor(0.3038), tensor(0.1490), tensor(0.0018), tensor(0.0121)]
sparse:
[tensor(1.), tensor(0.3245), tensor(0.2535), tensor(0.0704), tensor(0.0017), tensor(0.0041)]
[0, 4, 1520355.375, 482.13970947265625, 65.56929016113281, 164.6322021484375, 43.48406219482422, 28.37202262878418]
sparse:
[tensor(1.0000), tensor(0.4141), tensor(0.3184), tensor(0.1382), tensor(0.0017), tensor(0.0155)]
sparse:
[tensor(1.0000), tensor(0.4587), tensor(0.2639), tensor(0.0730), tensor(0.0017), tensor(0.0045)]
[0, 4, 4539755.0, 466.73406982421875, 69.4748306274414, 169.49002075195312, 56.20853805541992, 29.811519622802734]
sparse:
[tensor(1.), tensor(0.4645), tensor(0.3246), tensor(0.1654), tensor(0.0056), tensor(0.0171)]
sparse:
[tensor(1.), tensor(0.4089), tensor(0.2731), tensor(0.0926), tensor(0.0043), tensor(0.0059)]
[0, 4, 1774609.5, 506.5762939453125, 127.72430419921875, 174.02223205566406, 76.29451751708984, 39.393653869628906]
sparse:
[tensor(1.), tensor(0.3464), tensor(0.3098), tensor(0.1525), tensor(0.0017), tensor(0.0126)]
sparse:
[tensor(1.), tensor(0.3275), tensor(0.2573), tensor(0.0728), tensor(0.0017), tensor(0.0042)]
[0, 4, 2758655.0, 487.53057861328125, 68.08547973632812, 164.99444580078125, 49.17483139038086, 28.064388275146484]
sparse:
[tensor(1.), tensor(0.4957), tensor(0.3303), tensor(0.1935), tensor(0.0017), tensor(0.0183)]
sparse:
[tensor(1.), tensor(0.4781), tensor(0.2726), tensor(0.0745), tensor(0.0017), tensor(0.0056)]
[0, 4, 2863508.75, 515.7999877929688, 77.55520629882812, 172.65438842773438, 68.07730102539062, 31.863990783691406]
sparse:
[tensor(1.), tensor(0.4695), tensor(0.3024), tensor(0.1495), tensor(0.0017), tensor(0.0149)]
sparse:
[tensor(1.), tensor(0.3978), tensor(0.2548), tensor(0.0738), tensor(0.0017), tensor(0.0047)]
[0, 4, 3248601.5, 518.5035400390625, 72.6890640258789, 164.76034545898438, 60.693092346191406, 29.515796661376953]
sparse:
[tensor(1.), tensor(0.5503), tensor(0.2944), tensor(0.1435), tensor(0.0017), tensor(0.0115)]
sparse:
[tensor(1.), tensor(0.3572), tensor(0.2463), tensor(0.0675), tensor(0.0017), tensor(0.0041)]
[0, 4, 1149152.25, 510.32623291015625, 68.7597427368164, 165.26162719726562, 43.18251419067383, 27.877437591552734]
sparse:
[tensor(0.9997), tensor(0.4602), tensor(0.3124), tensor(0.1101), tensor(0.0017), tensor(0.0170)]
sparse:
[tensor(0.9999), tensor(0.4385), tensor(0.2608), tensor(0.0732), tensor(0.0017), tensor(0.0052)]
[0, 4, 3093047.0, 446.2422790527344, 73.24050903320312, 168.39544677734375, 67.08236694335938, 31.658363342285156]
sparse:
[tensor(1.), tensor(0.5802), tensor(0.3104), tensor(0.1131), tensor(0.0017), tensor(0.0147)]
sparse:
[tensor(1.), tensor(0.4380), tensor(0.2584), tensor(0.0720), tensor(0.0017), tensor(0.0046)]
[0, 4, 2134405.25, 522.264404296875, 72.10855102539062, 167.98654174804688, 51.71051025390625, 29.834972381591797]
sparse:
[tensor(1.), tensor(0.5714), tensor(0.3091), tensor(0.1594), tensor(0.0017), tensor(0.0132)]
sparse:
[tensor(1.), tensor(0.4962), tensor(0.2575), tensor(0.0733), tensor(0.0017), tensor(0.0042)]
[0, 4, 3019780.25, 520.8082275390625, 66.91788482666016, 167.160888671875, 50.4049072265625, 28.908479690551758]
sparse:
[tensor(1.), tensor(0.6024), tensor(0.3337), tensor(0.1404), tensor(0.0042), tensor(0.0179)]
sparse:
[tensor(1.), tensor(0.4758), tensor(0.2785), tensor(0.0913), tensor(0.0086), tensor(0.0066)]
[0, 4, 1695579.0, 487.5899353027344, 153.33750915527344, 176.06210327148438, 80.51589965820312, 38.96146011352539]
sparse:
[tensor(1.), tensor(0.5681), tensor(0.3145), tensor(0.1088), tensor(0.0018), tensor(0.0146)]
sparse:
[tensor(1.), tensor(0.4360), tensor(0.2617), tensor(0.0751), tensor(0.0017), tensor(0.0043)]
[0, 4, 3943967.0, 523.1553955078125, 58.46983337402344, 165.0418701171875, 51.54576873779297, 29.326274871826172]
sparse:
[tensor(1.), tensor(0.5416), tensor(0.3062), tensor(0.1723), tensor(0.0035), tensor(0.0129)]
sparse:
[tensor(1.), tensor(0.4521), tensor(0.2550), tensor(0.0729), tensor(0.0021), tensor(0.0044)]
[0, 4, 1350032.5, 507.5497741699219, 80.88241577148438, 169.28822326660156, 57.853675842285156, 32.13923645019531]
sparse:
[tensor(1.), tensor(0.5237), tensor(0.3168), tensor(0.1178), tensor(0.0018), tensor(0.0171)]
sparse:
[tensor(1.), tensor(0.3997), tensor(0.2618), tensor(0.0718), tensor(0.0017), tensor(0.0051)]
[0, 4, 4667633.0, 483.1067810058594, 82.160888671875, 167.63436889648438, 60.501258850097656, 31.2482852935791]
sparse:
[tensor(0.9993), tensor(0.3627), tensor(0.3047), tensor(0.1076), tensor(0.0017), tensor(0.0159)]
sparse:
[tensor(0.9996), tensor(0.3809), tensor(0.2557), tensor(0.0730), tensor(0.0017), tensor(0.0051)]
[0, 4, 2735307.25, 480.4139709472656, 74.41423034667969, 167.66915893554688, 70.2416763305664, 31.580036163330078]
sparse:
[tensor(1.), tensor(0.5321), tensor(0.3052), tensor(0.1190), tensor(0.0017), tensor(0.0131)]
sparse:
[tensor(1.), tensor(0.3759), tensor(0.2553), tensor(0.0731), tensor(0.0017), tensor(0.0047)]
[0, 4, 1178756.25, 588.106201171875, 65.13432312011719, 167.9113311767578, 44.108680725097656, 28.137229919433594]
sparse:
[tensor(1.), tensor(0.4864), tensor(0.2894), tensor(0.1294), tensor(0.0017), tensor(0.0123)]
sparse:
[tensor(1.), tensor(0.3471), tensor(0.2431), tensor(0.0682), tensor(0.0017), tensor(0.0046)]
[0, 4, 1751242.25, 466.886474609375, 73.15507507324219, 162.8018798828125, 51.075599670410156, 28.23256492614746]
sparse:
[tensor(1.), tensor(0.5454), tensor(0.3073), tensor(0.0969), tensor(0.0020), tensor(0.0148)]
sparse:
[tensor(1.), tensor(0.4361), tensor(0.2548), tensor(0.0693), tensor(0.0017), tensor(0.0044)]
[0, 4, 2696849.5, 447.57781982421875, 79.0975341796875, 167.68801879882812, 54.535987854003906, 30.64792251586914]
sparse:
[tensor(1.), tensor(0.5545), tensor(0.2884), tensor(0.0991), tensor(0.0017), tensor(0.0113)]
sparse:
[tensor(1.), tensor(0.3865), tensor(0.2425), tensor(0.0722), tensor(0.0017), tensor(0.0041)]
[0, 4, 2127974.75, 540.6281127929688, 69.01937866210938, 162.926025390625, 44.564361572265625, 26.874961853027344]
sparse:
[tensor(0.9999), tensor(0.4526), tensor(0.2918), tensor(0.1089), tensor(0.0021), tensor(0.0142)]
sparse:
[tensor(0.9999), tensor(0.3948), tensor(0.2426), tensor(0.0662), tensor(0.0018), tensor(0.0045)]
[0, 4, 1389077.125, 441.7661437988281, 76.83008575439453, 165.0054473876953, 58.32151794433594, 30.974559783935547]
sparse:
[tensor(1.), tensor(0.5484), tensor(0.3064), tensor(0.0992), tensor(0.0017), tensor(0.0174)]
sparse:
[tensor(1.), tensor(0.4611), tensor(0.2554), tensor(0.0736), tensor(0.0017), tensor(0.0055)]
[0, 4, 4276706.0, 486.0523681640625, 70.8231201171875, 168.25779724121094, 63.95618438720703, 31.278915405273438]
sparse:
[tensor(1.), tensor(0.4266), tensor(0.2938), tensor(0.1281), tensor(0.0017), tensor(0.0142)]
sparse:
[tensor(1.), tensor(0.3477), tensor(0.2448), tensor(0.0701), tensor(0.0017), tensor(0.0046)]
[0, 4, 1556857.0, 484.36077880859375, 77.64424133300781, 165.69558715820312, 54.304779052734375, 28.60892677307129]
sparse:
[tensor(1.), tensor(0.4741), tensor(0.3189), tensor(0.1285), tensor(0.0020), tensor(0.0159)]
sparse:
[tensor(1.), tensor(0.4431), tensor(0.2612), tensor(0.0704), tensor(0.0017), tensor(0.0048)]
[0, 4, 2629540.0, 491.73028564453125, 75.40501403808594, 171.04344177246094, 55.229331970214844, 32.140533447265625]
sparse:
[tensor(1.), tensor(0.4804), tensor(0.2903), tensor(0.1144), tensor(0.0017), tensor(0.0123)]
sparse:
[tensor(1.), tensor(0.3635), tensor(0.2435), tensor(0.0693), tensor(0.0017), tensor(0.0044)]
[0, 4, 2535304.5, 460.43475341796875, 78.93406677246094, 164.50531005859375, 49.26935958862305, 28.323150634765625]
sparse:
[tensor(1.), tensor(0.4519), tensor(0.3275), tensor(0.1507), tensor(0.0040), tensor(0.0178)]
sparse:
[tensor(1.), tensor(0.4277), tensor(0.2677), tensor(0.0739), tensor(0.0022), tensor(0.0051)]
[0, 4, 1716609.5, 508.7149658203125, 102.43606567382812, 172.82659912109375, 70.57275390625, 35.83138656616211]
sparse:
[tensor(0.9996), tensor(0.3483), tensor(0.3101), tensor(0.1508), tensor(0.0023), tensor(0.0164)]
sparse:
[tensor(0.9998), tensor(0.3259), tensor(0.2568), tensor(0.0735), tensor(0.0019), tensor(0.0047)]
[0, 4, 4625074.0, 434.50115966796875, 87.47024536132812, 166.12484741210938, 66.60240173339844, 32.57783508300781]
